[2025-02-20 21:35:36] 腾讯 OCR 识别出错: The SecretId is not found, please ensure that your SecretId is correct.
[2025-02-20 22:28:52] 腾讯 OCR 识别出错: The SecretId is not found, please ensure that your SecretId is correct.
[2025-02-20 22:28:58] 腾讯 OCR 识别出错: The SecretId is not found, please ensure that your SecretId is correct.
[2025-02-20 22:29:09] 腾讯 OCR 识别出错: The SecretId is not found, please ensure that your SecretId is correct.
[2025-02-20 22:29:26] 腾讯 OCR 识别出错: The SecretId is not found, please ensure that your SecretId is correct.
[2025-02-21 20:35:23] 腾讯 OCR 识别出错: The SecretId is not found, please ensure that your SecretId is correct.
[2025-02-21 20:35:24] 腾讯 OCR 识别出错: The SecretId is not found, please ensure that your SecretId is correct.
[2025-02-21 20:35:33] 腾讯 OCR 识别出错: The SecretId is not found, please ensure that your SecretId is correct.
[2025-02-21 20:35:35] 腾讯 OCR 识别出错: The SecretId is not found, please ensure that your SecretId is correct.
[2025-02-21 20:37:37] 腾讯 OCR 识别出错: The SecretId is not found, please ensure that your SecretId is correct.
[2025-02-21 21:05:25] 腾讯 OCR 识别出错: The SecretId is not found, please ensure that your SecretId is correct.
[2025-02-21 21:05:37] 腾讯 OCR 识别出错: The SecretId is not found, please ensure that your SecretId is correct.
[2025-02-21 21:06:09] 腾讯 OCR 识别出错: The SecretId is not found, please ensure that your SecretId is correct.
[2025-02-21 21:08:36] 腾讯 OCR 识别出错: The SecretId is not found, please ensure that your SecretId is correct.
[2025-02-21 21:12:53] 腾讯 OCR 识别出错: The SecretId is not found, please ensure that your SecretId is correct.
[2025-02-21 21:13:02] 腾讯 OCR 识别出错: The SecretId is not found, please ensure that your SecretId is correct.
[2025-02-21 21:15:37] 腾讯 OCR 识别出错: The SecretId is not found, please ensure that your SecretId is correct.
[2025-02-21 21:15:46] 腾讯 OCR 识别出错: The SecretId is not found, please ensure that your SecretId is correct.
[2025-03-07 11:52:56] 腾讯 OCR 识别出错: 图片解码失败
[2025-03-07 11:53:28] 腾讯 OCR 识别出错: 图片解码失败
[2025-03-12 15:51:00] 腾讯 OCR 识别出错: Your current request size exceed  max 10485760B, but your 13781431B.
[2025-03-14 11:19:52] 腾讯 OCR 识别出错: Your current request size exceed  max 10485760B, but your 11678151B.
[2025-03-15 11:50:42] 腾讯 OCR 识别出错: 图片解码失败
[2025-03-19 21:56:59] 用户 18 创建分站成功，域名: : 月度套餐
[2025-03-19 21:58:26] 用户 18 续费成功，域名: lovezr.me，套餐: 月度套餐
[2025-03-19 22:02:37] 用户 18 续费成功，域名: lovezr.me，套餐: 月度套餐
